INFO 2022-09-20 09:16:52,526 autoreload 677 Watching for file changes with StatReloader
WARNING 2022-09-20 09:16:55,807 log 241 Not Found: /
WARNING 2022-09-20 09:16:55,811 basehttp 187 "GET / HTTP/1.1" 404 2241
WARNING 2022-09-20 09:16:56,318 log 241 Not Found: /favicon.ico
WARNING 2022-09-20 09:16:56,320 basehttp 187 "GET /favicon.ico HTTP/1.1" 404 2292
WARNING 2022-09-20 09:17:16,382 log 241 Not Found: /
WARNING 2022-09-20 09:17:16,383 basehttp 187 "GET / HTTP/1.1" 404 2241
INFO 2022-09-20 09:17:27,655 basehttp 187 "GET /register HTTP/1.1" 301 0
ERROR 2022-09-20 09:17:27,839 log 241 Internal Server Error: /register/
Traceback (most recent call last):
  File "C:\Python388\lib\site-packages\django\core\handlers\exception.py", line 55, in inner
    response = get_response(request)
  File "C:\Python388\lib\site-packages\django\core\handlers\base.py", line 197, in _get_response
    response = wrapped_callback(request, *callback_args, **callback_kwargs)
  File "C:\Python388\lib\site-packages\django\views\generic\base.py", line 103, in view
    return self.dispatch(request, *args, **kwargs)
  File "C:\Python388\lib\site-packages\django\views\generic\base.py", line 142, in dispatch
    return handler(request, *args, **kwargs)
  File "D:\Sun\meiduo_project\meiduo_mall\meiduo_mall\apps\users\views.py", line 15, in get
    return render(request, 'register.html')
  File "C:\Python388\lib\site-packages\django\shortcuts.py", line 24, in render
    content = loader.render_to_string(template_name, context, request, using=using)
  File "C:\Python388\lib\site-packages\django\template\loader.py", line 62, in render_to_string
    return template.render(context, request)
  File "C:\Python388\lib\site-packages\django\template\backends\jinja2.py", line 76, in render
    return self.template.render(context)
  File "C:\Python388\lib\site-packages\jinja2\environment.py", line 1301, in render
    self.environment.handle_exception()
  File "C:\Python388\lib\site-packages\jinja2\environment.py", line 936, in handle_exception
    raise rewrite_traceback_stack(source=source)
  File "D:\Sun\meiduo_project\meiduo_mall\meiduo_mall\templates\register.html", line 29, in top-level template code
    <span class="error_tip" v-show="error_name">{{error-name_message}}</span>
jinja2.exceptions.UndefinedError: 'error' is undefined
ERROR 2022-09-20 09:17:27,848 basehttp 187 "GET /register/ HTTP/1.1" 500 107717
ERROR 2022-09-20 09:17:49,719 log 241 Internal Server Error: /register/
Traceback (most recent call last):
  File "C:\Python388\lib\site-packages\django\core\handlers\exception.py", line 55, in inner
    response = get_response(request)
  File "C:\Python388\lib\site-packages\django\core\handlers\base.py", line 197, in _get_response
    response = wrapped_callback(request, *callback_args, **callback_kwargs)
  File "C:\Python388\lib\site-packages\django\views\generic\base.py", line 103, in view
    return self.dispatch(request, *args, **kwargs)
  File "C:\Python388\lib\site-packages\django\views\generic\base.py", line 142, in dispatch
    return handler(request, *args, **kwargs)
  File "D:\Sun\meiduo_project\meiduo_mall\meiduo_mall\apps\users\views.py", line 15, in get
    return render(request, 'register.html')
  File "C:\Python388\lib\site-packages\django\shortcuts.py", line 24, in render
    content = loader.render_to_string(template_name, context, request, using=using)
  File "C:\Python388\lib\site-packages\django\template\loader.py", line 62, in render_to_string
    return template.render(context, request)
  File "C:\Python388\lib\site-packages\django\template\backends\jinja2.py", line 76, in render
    return self.template.render(context)
  File "C:\Python388\lib\site-packages\jinja2\environment.py", line 1301, in render
    self.environment.handle_exception()
  File "C:\Python388\lib\site-packages\jinja2\environment.py", line 936, in handle_exception
    raise rewrite_traceback_stack(source=source)
  File "D:\Sun\meiduo_project\meiduo_mall\meiduo_mall\templates\register.html", line 29, in top-level template code
    <span class="error_tip" v-show="error_name">{{error-name_message}}</span>
jinja2.exceptions.UndefinedError: 'error' is undefined
ERROR 2022-09-20 09:17:49,725 basehttp 187 "GET /register/ HTTP/1.1" 500 107653
INFO 2022-09-20 09:20:09,364 basehttp 187 "GET /register/ HTTP/1.1" 200 3504
INFO 2022-09-20 09:20:09,451 basehttp 187 "GET /static/js/register.js HTTP/1.1" 200 0
INFO 2022-09-20 09:20:09,478 basehttp 187 "GET /static/css/reset.css HTTP/1.1" 200 638
INFO 2022-09-20 09:20:09,494 basehttp 187 "GET /static/images/pic_code.jpg HTTP/1.1" 200 4507
INFO 2022-09-20 09:20:09,505 basehttp 187 "GET /static/css/main.css HTTP/1.1" 200 40091
INFO 2022-09-20 09:20:09,518 basehttp 187 "GET /static/images/logo.png HTTP/1.1" 200 7450
INFO 2022-09-20 09:20:09,554 basehttp 187 "GET /static/images/icons02.png HTTP/1.1" 200 3935
INFO 2022-09-20 09:20:09,566 basehttp 187 "GET /static/images/register_banner.png HTTP/1.1" 200 54894
INFO 2022-09-20 09:20:09,578 basehttp 187 "GET /static/images/interval_line.png HTTP/1.1" 200 1123
INFO 2022-09-20 09:37:18,713 autoreload 677 Watching for file changes with StatReloader
WARNING 2022-09-20 09:37:24,098 log 241 Not Found: /
WARNING 2022-09-20 09:37:24,100 basehttp 187 "GET / HTTP/1.1" 404 2241
INFO 2022-09-20 09:37:28,873 basehttp 187 "GET /register/ HTTP/1.1" 200 3652
INFO 2022-09-20 09:37:28,976 basehttp 187 "GET /static/js/axios-0.18.0.min.js HTTP/1.1" 200 12941
INFO 2022-09-20 09:37:28,994 basehttp 187 "GET /static/js/register.js HTTP/1.1" 200 4418
INFO 2022-09-20 09:37:29,039 basehttp 187 "GET /static/js/vue-2.5.16.js HTTP/1.1" 200 289307
WARNING 2022-09-20 09:37:31,057 log 241 Not Found: /usernames/admin/count/
WARNING 2022-09-20 09:37:31,061 basehttp 187 "GET /usernames/admin/count/ HTTP/1.1" 404 2325
WARNING 2022-09-20 09:37:31,752 log 241 Not Found: /usernames/admin/count/
WARNING 2022-09-20 09:37:31,754 basehttp 187 "GET /usernames/admin/count/ HTTP/1.1" 404 2325
INFO 2022-09-20 11:56:53,618 autoreload 266 D:\Sun\meiduo_project\meiduo_mall\meiduo_mall\apps\users\views.py changed, reloading.
INFO 2022-09-20 11:56:56,053 autoreload 677 Watching for file changes with StatReloader
INFO 2022-09-20 11:57:11,834 autoreload 266 D:\Sun\meiduo_project\meiduo_mall\meiduo_mall\apps\users\views.py changed, reloading.
INFO 2022-09-20 11:57:14,664 autoreload 677 Watching for file changes with StatReloader
INFO 2022-09-20 11:57:17,330 autoreload 266 D:\Sun\meiduo_project\meiduo_mall\meiduo_mall\apps\users\views.py changed, reloading.
INFO 2022-09-20 11:57:19,940 autoreload 677 Watching for file changes with StatReloader
INFO 2022-09-20 11:57:39,538 autoreload 266 D:\Sun\meiduo_project\meiduo_mall\meiduo_mall\apps\users\views.py changed, reloading.
INFO 2022-09-20 11:57:42,342 autoreload 677 Watching for file changes with StatReloader
INFO 2022-09-20 11:57:44,887 autoreload 266 D:\Sun\meiduo_project\meiduo_mall\meiduo_mall\apps\users\views.py changed, reloading.
INFO 2022-09-20 11:57:47,546 autoreload 677 Watching for file changes with StatReloader
INFO 2022-09-20 11:57:52,094 autoreload 266 D:\Sun\meiduo_project\meiduo_mall\meiduo_mall\apps\users\views.py changed, reloading.
INFO 2022-09-20 11:57:54,736 autoreload 677 Watching for file changes with StatReloader
INFO 2022-09-20 11:57:57,178 autoreload 266 D:\Sun\meiduo_project\meiduo_mall\meiduo_mall\apps\users\views.py changed, reloading.
INFO 2022-09-20 11:57:59,793 autoreload 677 Watching for file changes with StatReloader
INFO 2022-09-20 11:58:06,860 autoreload 266 D:\Sun\meiduo_project\meiduo_mall\meiduo_mall\apps\users\views.py changed, reloading.
INFO 2022-09-20 11:58:09,101 autoreload 677 Watching for file changes with StatReloader
INFO 2022-09-20 11:58:51,368 autoreload 266 D:\Sun\meiduo_project\meiduo_mall\meiduo_mall\apps\users\views.py changed, reloading.
INFO 2022-09-20 11:58:53,459 autoreload 677 Watching for file changes with StatReloader
INFO 2022-09-20 11:59:30,508 autoreload 266 D:\Sun\meiduo_project\meiduo_mall\meiduo_mall\apps\users\views.py changed, reloading.
INFO 2022-09-20 11:59:32,855 autoreload 677 Watching for file changes with StatReloader
INFO 2022-09-20 11:59:35,317 autoreload 266 D:\Sun\meiduo_project\meiduo_mall\meiduo_mall\apps\users\views.py changed, reloading.
INFO 2022-09-20 11:59:37,752 autoreload 677 Watching for file changes with StatReloader
INFO 2022-09-20 11:59:41,065 autoreload 266 D:\Sun\meiduo_project\meiduo_mall\meiduo_mall\apps\users\views.py changed, reloading.
INFO 2022-09-20 11:59:43,689 autoreload 677 Watching for file changes with StatReloader
INFO 2022-09-20 12:00:13,711 autoreload 266 D:\Sun\meiduo_project\meiduo_mall\meiduo_mall\apps\users\views.py changed, reloading.
INFO 2022-09-20 12:00:15,760 autoreload 677 Watching for file changes with StatReloader
INFO 2022-09-20 12:00:37,131 autoreload 266 D:\Sun\meiduo_project\meiduo_mall\meiduo_mall\apps\users\views.py changed, reloading.
INFO 2022-09-20 12:00:39,172 autoreload 677 Watching for file changes with StatReloader
INFO 2022-09-20 12:01:15,781 autoreload 266 D:\Sun\meiduo_project\meiduo_mall\meiduo_mall\apps\users\views.py changed, reloading.
INFO 2022-09-20 12:01:17,965 autoreload 677 Watching for file changes with StatReloader
INFO 2022-09-20 12:01:45,657 autoreload 266 D:\Sun\meiduo_project\meiduo_mall\meiduo_mall\apps\users\views.py changed, reloading.
INFO 2022-09-20 12:01:47,761 autoreload 677 Watching for file changes with StatReloader
INFO 2022-09-20 12:02:05,106 autoreload 266 D:\Sun\meiduo_project\meiduo_mall\meiduo_mall\apps\users\views.py changed, reloading.
INFO 2022-09-20 12:02:08,093 autoreload 677 Watching for file changes with StatReloader
INFO 2022-09-20 12:02:18,209 autoreload 266 D:\Sun\meiduo_project\meiduo_mall\meiduo_mall\apps\users\views.py changed, reloading.
INFO 2022-09-20 12:02:20,311 autoreload 677 Watching for file changes with StatReloader
INFO 2022-09-20 12:02:52,473 autoreload 266 D:\Sun\meiduo_project\meiduo_mall\meiduo_mall\apps\users\views.py changed, reloading.
INFO 2022-09-20 12:02:54,708 autoreload 677 Watching for file changes with StatReloader
INFO 2022-09-20 12:03:22,992 autoreload 266 D:\Sun\meiduo_project\meiduo_mall\meiduo_mall\apps\users\views.py changed, reloading.
INFO 2022-09-20 12:03:25,415 autoreload 677 Watching for file changes with StatReloader
INFO 2022-09-20 12:06:19,154 autoreload 266 D:\Sun\meiduo_project\meiduo_mall\meiduo_mall\apps\users\views.py changed, reloading.
INFO 2022-09-20 12:06:21,205 autoreload 677 Watching for file changes with StatReloader
INFO 2022-09-20 12:06:27,922 autoreload 266 D:\Sun\meiduo_project\meiduo_mall\meiduo_mall\apps\users\views.py changed, reloading.
INFO 2022-09-20 12:06:29,836 autoreload 677 Watching for file changes with StatReloader
INFO 2022-09-20 12:06:35,692 autoreload 266 D:\Sun\meiduo_project\meiduo_mall\meiduo_mall\apps\users\views.py changed, reloading.
INFO 2022-09-20 12:06:38,810 autoreload 677 Watching for file changes with StatReloader
INFO 2022-09-20 12:07:45,988 autoreload 266 D:\Sun\meiduo_project\meiduo_mall\meiduo_mall\apps\users\views.py changed, reloading.
INFO 2022-09-20 12:07:48,356 autoreload 677 Watching for file changes with StatReloader
INFO 2022-09-20 12:08:03,790 autoreload 266 D:\Sun\meiduo_project\meiduo_mall\meiduo_mall\apps\users\views.py changed, reloading.
INFO 2022-09-20 12:08:06,068 autoreload 677 Watching for file changes with StatReloader
INFO 2022-09-20 12:08:08,463 autoreload 266 D:\Sun\meiduo_project\meiduo_mall\meiduo_mall\apps\users\views.py changed, reloading.
INFO 2022-09-20 12:08:10,932 autoreload 677 Watching for file changes with StatReloader
INFO 2022-09-20 12:08:13,389 autoreload 266 D:\Sun\meiduo_project\meiduo_mall\meiduo_mall\apps\users\views.py changed, reloading.
INFO 2022-09-20 12:08:16,019 autoreload 677 Watching for file changes with StatReloader
INFO 2022-09-20 12:08:18,558 autoreload 266 D:\Sun\meiduo_project\meiduo_mall\meiduo_mall\apps\users\views.py changed, reloading.
INFO 2022-09-20 12:08:20,376 autoreload 677 Watching for file changes with StatReloader
INFO 2022-09-20 12:08:40,910 autoreload 266 D:\Sun\meiduo_project\meiduo_mall\meiduo_mall\apps\users\views.py changed, reloading.
INFO 2022-09-20 12:08:42,829 autoreload 677 Watching for file changes with StatReloader
INFO 2022-09-20 12:10:58,817 autoreload 266 D:\Sun\meiduo_project\meiduo_mall\meiduo_mall\apps\users\views.py changed, reloading.
INFO 2022-09-20 12:11:01,608 autoreload 677 Watching for file changes with StatReloader
WARNING 2022-09-20 12:11:16,188 log 241 Not Found: /
WARNING 2022-09-20 12:11:16,189 basehttp 187 "GET / HTTP/1.1" 404 2241
INFO 2022-09-20 12:11:20,477 basehttp 187 "GET /register/ HTTP/1.1" 200 3652
INFO 2022-09-20 12:11:20,523 basehttp 187 "GET /static/js/register.js HTTP/1.1" 304 0
INFO 2022-09-20 13:39:20,689 autoreload 266 D:\Sun\meiduo_project\meiduo_mall\meiduo_mall\apps\users\views.py changed, reloading.
INFO 2022-09-20 13:39:22,727 autoreload 677 Watching for file changes with StatReloader
INFO 2022-09-20 13:54:00,182 autoreload 266 D:\Sun\meiduo_project\meiduo_mall\meiduo_mall\apps\users\views.py changed, reloading.
INFO 2022-09-20 13:54:02,418 autoreload 677 Watching for file changes with StatReloader
INFO 2022-09-20 13:54:26,016 autoreload 266 D:\Sun\meiduo_project\meiduo_mall\meiduo_mall\apps\users\views.py changed, reloading.
INFO 2022-09-20 13:54:27,906 autoreload 677 Watching for file changes with StatReloader
INFO 2022-09-20 13:54:41,858 autoreload 266 D:\Sun\meiduo_project\meiduo_mall\meiduo_mall\apps\users\views.py changed, reloading.
INFO 2022-09-20 13:54:43,869 autoreload 677 Watching for file changes with StatReloader
INFO 2022-09-20 13:55:39,173 autoreload 266 D:\Sun\meiduo_project\meiduo_mall\meiduo_mall\apps\users\views.py changed, reloading.
INFO 2022-09-20 13:55:41,164 autoreload 677 Watching for file changes with StatReloader
INFO 2022-09-20 13:55:50,403 autoreload 266 D:\Sun\meiduo_project\meiduo_mall\meiduo_mall\apps\users\views.py changed, reloading.
INFO 2022-09-20 13:55:52,541 autoreload 677 Watching for file changes with StatReloader
INFO 2022-09-20 13:56:37,748 autoreload 266 D:\Sun\meiduo_project\meiduo_mall\meiduo_mall\apps\users\views.py changed, reloading.
INFO 2022-09-20 13:56:40,102 autoreload 677 Watching for file changes with StatReloader
INFO 2022-09-20 13:56:42,762 autoreload 266 D:\Sun\meiduo_project\meiduo_mall\meiduo_mall\apps\users\views.py changed, reloading.
INFO 2022-09-20 13:56:45,545 autoreload 677 Watching for file changes with StatReloader
INFO 2022-09-20 13:56:59,491 autoreload 266 D:\Sun\meiduo_project\meiduo_mall\meiduo_mall\apps\users\views.py changed, reloading.
INFO 2022-09-20 13:57:01,918 autoreload 677 Watching for file changes with StatReloader
INFO 2022-09-20 13:57:06,466 autoreload 266 D:\Sun\meiduo_project\meiduo_mall\meiduo_mall\apps\users\views.py changed, reloading.
INFO 2022-09-20 13:57:09,869 autoreload 677 Watching for file changes with StatReloader
INFO 2022-09-20 13:57:26,154 autoreload 266 D:\Sun\meiduo_project\meiduo_mall\meiduo_mall\apps\users\views.py changed, reloading.
INFO 2022-09-20 13:57:28,345 autoreload 677 Watching for file changes with StatReloader
INFO 2022-09-20 13:57:34,040 autoreload 266 D:\Sun\meiduo_project\meiduo_mall\meiduo_mall\apps\users\views.py changed, reloading.
INFO 2022-09-20 13:57:36,856 autoreload 677 Watching for file changes with StatReloader
INFO 2022-09-20 13:57:41,530 autoreload 266 D:\Sun\meiduo_project\meiduo_mall\meiduo_mall\apps\users\views.py changed, reloading.
INFO 2022-09-20 13:57:43,630 autoreload 677 Watching for file changes with StatReloader
INFO 2022-09-20 13:58:07,843 autoreload 266 D:\Sun\meiduo_project\meiduo_mall\meiduo_mall\apps\users\views.py changed, reloading.
INFO 2022-09-20 13:58:09,959 autoreload 677 Watching for file changes with StatReloader
INFO 2022-09-20 13:58:32,236 autoreload 266 D:\Sun\meiduo_project\meiduo_mall\meiduo_mall\apps\users\views.py changed, reloading.
INFO 2022-09-20 13:58:34,106 autoreload 677 Watching for file changes with StatReloader
INFO 2022-09-20 14:00:18,882 autoreload 266 D:\Sun\meiduo_project\meiduo_mall\meiduo_mall\apps\users\views.py changed, reloading.
INFO 2022-09-20 14:00:21,682 autoreload 677 Watching for file changes with StatReloader
INFO 2022-09-20 14:01:22,434 autoreload 266 D:\Sun\meiduo_project\meiduo_mall\meiduo_mall\apps\users\views.py changed, reloading.
INFO 2022-09-20 14:01:24,682 autoreload 677 Watching for file changes with StatReloader
INFO 2022-09-20 14:01:35,220 autoreload 266 D:\Sun\meiduo_project\meiduo_mall\meiduo_mall\apps\users\views.py changed, reloading.
INFO 2022-09-20 14:01:37,864 autoreload 677 Watching for file changes with StatReloader
INFO 2022-09-20 14:01:53,190 autoreload 266 D:\Sun\meiduo_project\meiduo_mall\meiduo_mall\apps\users\views.py changed, reloading.
INFO 2022-09-20 14:01:55,190 autoreload 677 Watching for file changes with StatReloader
INFO 2022-09-20 14:01:58,699 autoreload 266 D:\Sun\meiduo_project\meiduo_mall\meiduo_mall\apps\users\views.py changed, reloading.
INFO 2022-09-20 14:02:01,160 autoreload 677 Watching for file changes with StatReloader
INFO 2022-09-20 14:02:08,159 autoreload 266 D:\Sun\meiduo_project\meiduo_mall\meiduo_mall\apps\users\views.py changed, reloading.
INFO 2022-09-20 14:02:10,592 autoreload 677 Watching for file changes with StatReloader
INFO 2022-09-20 14:02:15,307 autoreload 266 D:\Sun\meiduo_project\meiduo_mall\meiduo_mall\apps\users\views.py changed, reloading.
INFO 2022-09-20 14:02:18,068 autoreload 677 Watching for file changes with StatReloader
INFO 2022-09-20 14:02:24,870 autoreload 266 D:\Sun\meiduo_project\meiduo_mall\meiduo_mall\apps\users\views.py changed, reloading.
INFO 2022-09-20 14:02:27,235 autoreload 677 Watching for file changes with StatReloader
INFO 2022-09-20 14:02:37,899 autoreload 266 D:\Sun\meiduo_project\meiduo_mall\meiduo_mall\apps\users\views.py changed, reloading.
INFO 2022-09-20 14:02:39,905 autoreload 677 Watching for file changes with StatReloader
INFO 2022-09-20 14:02:50,452 autoreload 266 D:\Sun\meiduo_project\meiduo_mall\meiduo_mall\apps\users\views.py changed, reloading.
INFO 2022-09-20 14:02:52,810 autoreload 677 Watching for file changes with StatReloader
INFO 2022-09-20 14:02:59,479 autoreload 266 D:\Sun\meiduo_project\meiduo_mall\meiduo_mall\apps\users\views.py changed, reloading.
INFO 2022-09-20 14:03:01,651 autoreload 677 Watching for file changes with StatReloader
INFO 2022-09-20 14:03:07,311 autoreload 266 D:\Sun\meiduo_project\meiduo_mall\meiduo_mall\apps\users\views.py changed, reloading.
INFO 2022-09-20 14:03:09,665 autoreload 677 Watching for file changes with StatReloader
INFO 2022-09-20 14:03:17,124 autoreload 266 D:\Sun\meiduo_project\meiduo_mall\meiduo_mall\apps\users\views.py changed, reloading.
INFO 2022-09-20 14:03:19,023 autoreload 677 Watching for file changes with StatReloader
INFO 2022-09-20 14:03:33,910 autoreload 677 Watching for file changes with StatReloader
INFO 2022-09-20 14:04:05,025 autoreload 677 Watching for file changes with StatReloader
INFO 2022-09-20 14:04:10,316 basehttp 187 "GET /register/ HTTP/1.1" 200 3652
INFO 2022-09-20 14:04:10,369 basehttp 187 "GET /static/js/register.js HTTP/1.1" 304 0
WARNING 2022-09-20 14:04:11,902 log 241 Not Found: /usernames/admin/count/
WARNING 2022-09-20 14:04:11,903 basehttp 187 "GET /usernames/admin/count/ HTTP/1.1" 404 2325
WARNING 2022-09-20 14:04:14,609 log 241 Not Found: /usernames/admin/count/
WARNING 2022-09-20 14:04:14,611 basehttp 187 "GET /usernames/admin/count/ HTTP/1.1" 404 2325
WARNING 2022-09-20 14:04:46,984 log 241 Not Found: /usernames/admin/count/
WARNING 2022-09-20 14:04:46,986 basehttp 187 "GET /usernames/admin/count/ HTTP/1.1" 404 2325
WARNING 2022-09-20 14:06:00,806 log 241 Forbidden: /register/
WARNING 2022-09-20 14:06:00,816 basehttp 187 "POST /register/ HTTP/1.1" 403 25
INFO 2022-09-20 14:06:39,500 autoreload 677 Watching for file changes with StatReloader
INFO 2022-09-20 14:06:51,639 basehttp 187 "GET /register/ HTTP/1.1" 200 3652
WARNING 2022-09-20 14:06:53,137 log 241 Not Found: /usernames/admin/count/
WARNING 2022-09-20 14:06:53,139 basehttp 187 "GET /usernames/admin/count/ HTTP/1.1" 404 2325
WARNING 2022-09-20 14:07:00,441 log 241 Not Found: /usernames/yuanchaoer/count/
WARNING 2022-09-20 14:07:00,443 basehttp 187 "GET /usernames/yuanchaoer/count/ HTTP/1.1" 404 2340
WARNING 2022-09-20 14:07:12,335 log 241 Not Found: /usernames/yuanchaoer/count/
WARNING 2022-09-20 14:07:12,337 basehttp 187 "GET /usernames/yuanchaoer/count/ HTTP/1.1" 404 2340
WARNING 2022-09-20 14:07:14,249 log 241 Not Found: /usernames/yuanchaoer/count/
WARNING 2022-09-20 14:07:14,251 basehttp 187 "GET /usernames/yuanchaoer/count/ HTTP/1.1" 404 2340
INFO 2022-09-20 14:07:50,112 autoreload 677 Watching for file changes with StatReloader
INFO 2022-09-20 14:07:52,670 basehttp 187 "GET /register/ HTTP/1.1" 200 3652
WARNING 2022-09-20 14:07:54,505 log 241 Not Found: /usernames/admin/count/
WARNING 2022-09-20 14:07:54,508 basehttp 187 "GET /usernames/admin/count/ HTTP/1.1" 404 2325
WARNING 2022-09-20 14:07:57,563 log 241 Not Found: /usernames/yuanchaoer/count/
WARNING 2022-09-20 14:07:57,565 basehttp 187 "GET /usernames/yuanchaoer/count/ HTTP/1.1" 404 2340
WARNING 2022-09-20 14:08:06,522 log 241 Not Found: /usernames/yuanchaoer/count/
WARNING 2022-09-20 14:08:06,523 basehttp 187 "GET /usernames/yuanchaoer/count/ HTTP/1.1" 404 2340
WARNING 2022-09-20 14:08:08,937 log 241 Not Found: /usernames/yuanchaoer/count/
WARNING 2022-09-20 14:08:08,938 basehttp 187 "GET /usernames/yuanchaoer/count/ HTTP/1.1" 404 2340
WARNING 2022-09-20 14:08:18,360 log 241 Not Found: /usernames/yuanchaoer/count/
WARNING 2022-09-20 14:08:18,362 basehttp 187 "GET /usernames/yuanchaoer/count/ HTTP/1.1" 404 2340
INFO 2022-09-20 14:08:32,380 autoreload 677 Watching for file changes with StatReloader
WARNING 2022-09-20 14:08:43,991 log 241 Not Found: /
WARNING 2022-09-20 14:08:43,994 basehttp 187 "GET / HTTP/1.1" 404 2241
INFO 2022-09-20 14:08:49,440 basehttp 187 "GET /register/ HTTP/1.1" 200 3652
WARNING 2022-09-20 14:08:51,216 log 241 Not Found: /usernames/admin/count/
WARNING 2022-09-20 14:08:51,218 basehttp 187 "GET /usernames/admin/count/ HTTP/1.1" 404 2325
WARNING 2022-09-20 14:08:54,428 log 241 Not Found: /usernames/yuanchaoer/count/
WARNING 2022-09-20 14:08:54,430 basehttp 187 "GET /usernames/yuanchaoer/count/ HTTP/1.1" 404 2340
WARNING 2022-09-20 14:09:09,649 log 241 Not Found: /usernames/yuanchaoer/count/
WARNING 2022-09-20 14:09:09,651 basehttp 187 "GET /usernames/yuanchaoer/count/ HTTP/1.1" 404 2340
WARNING 2022-09-20 14:09:47,638 log 241 Forbidden: /register/
WARNING 2022-09-20 14:09:47,647 basehttp 187 "POST /register/ HTTP/1.1" 403 25
INFO 2022-09-20 14:10:13,082 autoreload 266 D:\Sun\meiduo_project\meiduo_mall\meiduo_mall\apps\users\views.py changed, reloading.
INFO 2022-09-20 14:10:16,851 autoreload 677 Watching for file changes with StatReloader
INFO 2022-09-20 14:10:46,377 autoreload 677 Watching for file changes with StatReloader
WARNING 2022-09-20 14:10:52,594 log 241 Not Found: /
WARNING 2022-09-20 14:10:52,600 basehttp 187 "GET / HTTP/1.1" 404 2241
INFO 2022-09-20 14:10:55,714 basehttp 187 "GET /register/ HTTP/1.1" 200 3652
WARNING 2022-09-20 14:10:58,022 log 241 Not Found: /usernames/admin/count/
WARNING 2022-09-20 14:10:58,024 basehttp 187 "GET /usernames/admin/count/ HTTP/1.1" 404 2325
WARNING 2022-09-20 14:11:00,650 log 241 Not Found: /usernames/yuanchaoer/count/
WARNING 2022-09-20 14:11:00,651 basehttp 187 "GET /usernames/yuanchaoer/count/ HTTP/1.1" 404 2340
WARNING 2022-09-20 14:11:12,512 log 241 Not Found: /usernames/yuanchaoer/count/
WARNING 2022-09-20 14:11:12,514 basehttp 187 "GET /usernames/yuanchaoer/count/ HTTP/1.1" 404 2340
INFO 2022-09-20 14:11:31,683 autoreload 266 D:\Sun\meiduo_project\meiduo_mall\meiduo_mall\apps\users\views.py changed, reloading.
INFO 2022-09-20 14:11:35,437 autoreload 677 Watching for file changes with StatReloader
INFO 2022-09-20 14:11:46,650 autoreload 677 Watching for file changes with StatReloader
WARNING 2022-09-20 14:11:50,653 log 241 Not Found: /
WARNING 2022-09-20 14:11:50,656 basehttp 187 "GET / HTTP/1.1" 404 2241
INFO 2022-09-20 14:11:54,314 basehttp 187 "GET /register/ HTTP/1.1" 200 3652
WARNING 2022-09-20 14:11:56,176 log 241 Not Found: /usernames/admin/count/
WARNING 2022-09-20 14:11:56,177 basehttp 187 "GET /usernames/admin/count/ HTTP/1.1" 404 2325
WARNING 2022-09-20 14:11:59,319 log 241 Not Found: /usernames/yuanchaoer/count/
WARNING 2022-09-20 14:11:59,320 basehttp 187 "GET /usernames/yuanchaoer/count/ HTTP/1.1" 404 2340
WARNING 2022-09-20 14:12:09,180 log 241 Not Found: /usernames/yuanchaoer/count/
WARNING 2022-09-20 14:12:09,182 basehttp 187 "GET /usernames/yuanchaoer/count/ HTTP/1.1" 404 2340
WARNING 2022-09-20 14:12:16,767 log 241 Forbidden: /register/
WARNING 2022-09-20 14:12:16,778 basehttp 187 "POST /register/ HTTP/1.1" 403 25
INFO 2022-09-20 14:12:28,057 autoreload 266 D:\Sun\meiduo_project\meiduo_mall\meiduo_mall\apps\users\views.py changed, reloading.
INFO 2022-09-20 14:12:31,786 autoreload 677 Watching for file changes with StatReloader
INFO 2022-09-20 14:12:47,066 autoreload 266 D:\Sun\meiduo_project\meiduo_mall\meiduo_mall\apps\users\views.py changed, reloading.
INFO 2022-09-20 14:12:51,020 autoreload 677 Watching for file changes with StatReloader
INFO 2022-09-20 14:13:00,227 autoreload 266 D:\Sun\meiduo_project\meiduo_mall\meiduo_mall\apps\users\views.py changed, reloading.
INFO 2022-09-20 14:13:04,370 autoreload 677 Watching for file changes with StatReloader
INFO 2022-09-20 14:13:14,153 autoreload 266 D:\Sun\meiduo_project\meiduo_mall\meiduo_mall\apps\users\views.py changed, reloading.
INFO 2022-09-20 14:13:17,804 autoreload 677 Watching for file changes with StatReloader
INFO 2022-09-20 14:13:33,362 autoreload 677 Watching for file changes with StatReloader
WARNING 2022-09-20 14:13:35,331 log 241 Not Found: /
WARNING 2022-09-20 14:13:35,333 basehttp 187 "GET / HTTP/1.1" 404 2241
INFO 2022-09-20 14:13:37,980 basehttp 187 "GET /register/ HTTP/1.1" 200 3652
WARNING 2022-09-20 14:13:39,078 log 241 Not Found: /usernames/admin/count/
WARNING 2022-09-20 14:13:39,081 basehttp 187 "GET /usernames/admin/count/ HTTP/1.1" 404 2325
WARNING 2022-09-20 14:13:42,368 log 241 Not Found: /usernames/yuanchaoer/count/
WARNING 2022-09-20 14:13:42,369 basehttp 187 "GET /usernames/yuanchaoer/count/ HTTP/1.1" 404 2340
WARNING 2022-09-20 14:13:56,404 log 241 Not Found: /usernames/yuanchaoer/count/
WARNING 2022-09-20 14:13:56,406 basehttp 187 "GET /usernames/yuanchaoer/count/ HTTP/1.1" 404 2340
ERROR 2022-09-20 14:16:15,542 log 241 Internal Server Error: /register/
Traceback (most recent call last):
  File "D:\Sun\meiduo_project\meiduo_mall\meiduo_mall\apps\users\views.py", line 48, in post
    User.object.create_user(username=username, password=password, mobile=mobile)
AttributeError: type object 'User' has no attribute 'object'

During handling of the above exception, another exception occurred:

Traceback (most recent call last):
  File "C:\Python388\lib\site-packages\django\core\handlers\exception.py", line 55, in inner
    response = get_response(request)
  File "C:\Python388\lib\site-packages\django\core\handlers\base.py", line 197, in _get_response
    response = wrapped_callback(request, *callback_args, **callback_kwargs)
  File "C:\Python388\lib\site-packages\django\views\generic\base.py", line 103, in view
    return self.dispatch(request, *args, **kwargs)
  File "C:\Python388\lib\site-packages\django\views\generic\base.py", line 142, in dispatch
    return handler(request, *args, **kwargs)
  File "D:\Sun\meiduo_project\meiduo_mall\meiduo_mall\apps\users\views.py", line 49, in post
    except DatabasesError:
NameError: name 'DatabasesError' is not defined
ERROR 2022-09-20 14:16:15,556 basehttp 187 "POST /register/ HTTP/1.1" 500 85475
INFO 2022-09-20 14:16:43,567 autoreload 677 Watching for file changes with StatReloader
WARNING 2022-09-20 14:17:09,967 log 241 Not Found: /
WARNING 2022-09-20 14:17:09,971 basehttp 187 "GET / HTTP/1.1" 404 2241
INFO 2022-09-20 14:17:18,221 basehttp 187 "GET /register/ HTTP/1.1" 200 3652
WARNING 2022-09-20 14:17:21,295 log 241 Not Found: /usernames/admin/count/
WARNING 2022-09-20 14:17:21,296 basehttp 187 "GET /usernames/admin/count/ HTTP/1.1" 404 2325
WARNING 2022-09-20 14:17:23,851 log 241 Not Found: /usernames/yuanchaoer/count/
WARNING 2022-09-20 14:17:23,853 basehttp 187 "GET /usernames/yuanchaoer/count/ HTTP/1.1" 404 2340
WARNING 2022-09-20 14:17:34,421 log 241 Not Found: /usernames/yuanchaoer/count/
WARNING 2022-09-20 14:17:34,422 basehttp 187 "GET /usernames/yuanchaoer/count/ HTTP/1.1" 404 2340
WARNING 2022-09-20 14:17:37,003 log 241 Not Found: /usernames/yuanchaoer/count/
WARNING 2022-09-20 14:17:37,004 basehttp 187 "GET /usernames/yuanchaoer/count/ HTTP/1.1" 404 2340
INFO 2022-09-20 14:18:14,031 autoreload 677 Watching for file changes with StatReloader
INFO 2022-09-20 14:20:19,047 autoreload 677 Watching for file changes with StatReloader
WARNING 2022-09-20 14:20:21,053 log 241 Not Found: /
WARNING 2022-09-20 14:20:21,057 basehttp 187 "GET / HTTP/1.1" 404 2241
INFO 2022-09-20 14:20:24,432 basehttp 187 "GET /register/ HTTP/1.1" 200 3652
WARNING 2022-09-20 14:20:26,114 log 241 Not Found: /usernames/admin/count/
WARNING 2022-09-20 14:20:26,117 basehttp 187 "GET /usernames/admin/count/ HTTP/1.1" 404 2325
WARNING 2022-09-20 14:20:28,664 log 241 Not Found: /usernames/yuanchaoer/count/
WARNING 2022-09-20 14:20:28,665 basehttp 187 "GET /usernames/yuanchaoer/count/ HTTP/1.1" 404 2340
WARNING 2022-09-20 14:20:39,906 log 241 Not Found: /usernames/yuanchaoer/count/
WARNING 2022-09-20 14:20:39,908 basehttp 187 "GET /usernames/yuanchaoer/count/ HTTP/1.1" 404 2340
WARNING 2022-09-20 14:20:42,112 log 241 Not Found: /usernames/yuanchaoer/count/
WARNING 2022-09-20 14:20:42,113 basehttp 187 "GET /usernames/yuanchaoer/count/ HTTP/1.1" 404 2340
INFO 2022-09-20 14:21:01,583 autoreload 677 Watching for file changes with StatReloader
WARNING 2022-09-20 14:21:09,686 log 241 Not Found: /
WARNING 2022-09-20 14:21:09,690 basehttp 187 "GET / HTTP/1.1" 404 2241
INFO 2022-09-20 14:21:14,495 basehttp 187 "GET /register/ HTTP/1.1" 200 3652
WARNING 2022-09-20 14:21:15,333 log 241 Not Found: /usernames/admin/count/
WARNING 2022-09-20 14:21:15,335 basehttp 187 "GET /usernames/admin/count/ HTTP/1.1" 404 2325
WARNING 2022-09-20 14:21:19,872 log 241 Not Found: /usernames/yuanchaoer/count/
WARNING 2022-09-20 14:21:19,873 basehttp 187 "GET /usernames/yuanchaoer/count/ HTTP/1.1" 404 2340
WARNING 2022-09-20 14:21:30,334 log 241 Not Found: /usernames/yuanchaoer/count/
WARNING 2022-09-20 14:21:30,336 basehttp 187 "GET /usernames/yuanchaoer/count/ HTTP/1.1" 404 2340
INFO 2022-09-20 14:23:31,987 autoreload 677 Watching for file changes with StatReloader
WARNING 2022-09-20 14:23:34,046 log 241 Not Found: /
WARNING 2022-09-20 14:23:34,048 basehttp 187 "GET / HTTP/1.1" 404 2241
INFO 2022-09-20 14:23:36,748 basehttp 187 "GET /register/ HTTP/1.1" 200 3652
WARNING 2022-09-20 14:23:39,318 log 241 Not Found: /usernames/admin/count/
WARNING 2022-09-20 14:23:39,321 basehttp 187 "GET /usernames/admin/count/ HTTP/1.1" 404 2325
WARNING 2022-09-20 14:23:41,890 log 241 Not Found: /usernames/yuanchaoer/count/
WARNING 2022-09-20 14:23:41,892 basehttp 187 "GET /usernames/yuanchaoer/count/ HTTP/1.1" 404 2340
WARNING 2022-09-20 14:23:51,959 log 241 Not Found: /usernames/yuanchaoer/count/
WARNING 2022-09-20 14:23:51,961 basehttp 187 "GET /usernames/yuanchaoer/count/ HTTP/1.1" 404 2340
ERROR 2022-09-20 14:24:01,032 log 241 Internal Server Error: /register/
Traceback (most recent call last):
  File "D:\Sun\meiduo_project\meiduo_mall\meiduo_mall\apps\users\views.py", line 48, in post
    User.object.create_user(username=username, password=password, mobile=mobile)
AttributeError: type object 'User' has no attribute 'object'

During handling of the above exception, another exception occurred:

Traceback (most recent call last):
  File "C:\Python388\lib\site-packages\django\core\handlers\exception.py", line 55, in inner
    response = get_response(request)
  File "C:\Python388\lib\site-packages\django\core\handlers\base.py", line 197, in _get_response
    response = wrapped_callback(request, *callback_args, **callback_kwargs)
  File "C:\Python388\lib\site-packages\django\views\generic\base.py", line 103, in view
    return self.dispatch(request, *args, **kwargs)
  File "C:\Python388\lib\site-packages\django\views\generic\base.py", line 142, in dispatch
    return handler(request, *args, **kwargs)
  File "D:\Sun\meiduo_project\meiduo_mall\meiduo_mall\apps\users\views.py", line 49, in post
    except DatabasesError:
NameError: name 'DatabasesError' is not defined
ERROR 2022-09-20 14:24:01,042 basehttp 187 "POST /register/ HTTP/1.1" 500 85661
INFO 2022-09-20 14:24:51,120 autoreload 266 D:\Sun\meiduo_project\meiduo_mall\meiduo_mall\apps\users\views.py changed, reloading.
INFO 2022-09-20 14:24:54,759 autoreload 677 Watching for file changes with StatReloader
INFO 2022-09-20 14:25:03,329 autoreload 677 Watching for file changes with StatReloader
WARNING 2022-09-20 14:25:07,274 log 241 Not Found: /
WARNING 2022-09-20 14:25:07,276 basehttp 187 "GET / HTTP/1.1" 404 2241
INFO 2022-09-20 14:25:10,814 basehttp 187 "GET /register/ HTTP/1.1" 200 3652
WARNING 2022-09-20 14:25:11,914 log 241 Not Found: /usernames/admin/count/
WARNING 2022-09-20 14:25:11,916 basehttp 187 "GET /usernames/admin/count/ HTTP/1.1" 404 2325
WARNING 2022-09-20 14:25:14,502 log 241 Not Found: /usernames/yuanchaoer/count/
WARNING 2022-09-20 14:25:14,504 basehttp 187 "GET /usernames/yuanchaoer/count/ HTTP/1.1" 404 2340
WARNING 2022-09-20 14:25:22,602 log 241 Not Found: /usernames/yuanchaoer/count/
WARNING 2022-09-20 14:25:22,604 basehttp 187 "GET /usernames/yuanchaoer/count/ HTTP/1.1" 404 2340
WARNING 2022-09-20 14:25:27,052 log 241 Not Found: /usernames/yuanchaoer/count/
WARNING 2022-09-20 14:25:27,054 basehttp 187 "GET /usernames/yuanchaoer/count/ HTTP/1.1" 404 2340
ERROR 2022-09-20 14:25:40,030 log 241 Internal Server Error: /register/
Traceback (most recent call last):
  File "C:\Python388\lib\site-packages\django\core\handlers\exception.py", line 55, in inner
    response = get_response(request)
  File "C:\Python388\lib\site-packages\django\core\handlers\base.py", line 197, in _get_response
    response = wrapped_callback(request, *callback_args, **callback_kwargs)
  File "C:\Python388\lib\site-packages\django\views\generic\base.py", line 103, in view
    return self.dispatch(request, *args, **kwargs)
  File "C:\Python388\lib\site-packages\django\views\generic\base.py", line 142, in dispatch
    return handler(request, *args, **kwargs)
  File "D:\Sun\meiduo_project\meiduo_mall\meiduo_mall\apps\users\views.py", line 48, in post
    User.object.create_user(username=username, password=password, mobile=mobile)
AttributeError: type object 'User' has no attribute 'object'
ERROR 2022-09-20 14:25:40,041 basehttp 187 "POST /register/ HTTP/1.1" 500 80642
INFO 2022-09-20 14:27:06,400 autoreload 266 D:\Sun\meiduo_project\meiduo_mall\meiduo_mall\apps\users\views.py changed, reloading.
INFO 2022-09-20 14:27:10,102 autoreload 677 Watching for file changes with StatReloader
INFO 2022-09-20 14:27:39,581 autoreload 266 D:\Sun\meiduo_project\meiduo_mall\meiduo_mall\apps\users\views.py changed, reloading.
INFO 2022-09-20 14:27:43,182 autoreload 677 Watching for file changes with StatReloader
INFO 2022-09-20 14:29:53,837 autoreload 266 D:\Sun\meiduo_project\meiduo_mall\meiduo_mall\apps\users\views.py changed, reloading.
INFO 2022-09-20 14:29:58,482 autoreload 677 Watching for file changes with StatReloader
INFO 2022-09-20 14:30:02,916 autoreload 266 D:\Sun\meiduo_project\meiduo_mall\meiduo_mall\apps\users\views.py changed, reloading.
INFO 2022-09-20 14:30:07,055 autoreload 677 Watching for file changes with StatReloader
INFO 2022-09-20 14:32:32,979 autoreload 266 D:\Sun\meiduo_project\meiduo_mall\meiduo_mall\apps\users\views.py changed, reloading.
INFO 2022-09-20 14:32:40,619 autoreload 677 Watching for file changes with StatReloader
INFO 2022-09-20 14:41:18,555 autoreload 266 D:\Sun\meiduo_project\meiduo_mall\meiduo_mall\apps\users\views.py changed, reloading.
INFO 2022-09-20 14:41:22,528 autoreload 677 Watching for file changes with StatReloader
INFO 2022-09-20 14:42:17,256 autoreload 677 Watching for file changes with StatReloader
INFO 2022-09-20 14:43:07,664 autoreload 677 Watching for file changes with StatReloader
INFO 2022-09-20 14:44:21,345 autoreload 677 Watching for file changes with StatReloader
INFO 2022-09-20 14:48:11,734 autoreload 677 Watching for file changes with StatReloader
INFO 2022-09-20 14:49:21,971 autoreload 677 Watching for file changes with StatReloader
INFO 2022-09-20 14:49:44,736 autoreload 677 Watching for file changes with StatReloader
WARNING 2022-09-20 14:50:00,755 log 241 Not Found: /
WARNING 2022-09-20 14:50:00,758 basehttp 187 "GET / HTTP/1.1" 404 2241
INFO 2022-09-20 14:50:04,787 basehttp 187 "GET /register/ HTTP/1.1" 200 3652
INFO 2022-09-20 14:50:04,943 basehttp 187 "GET /static/js/register.js HTTP/1.1" 304 0
WARNING 2022-09-20 14:50:07,091 log 241 Not Found: /usernames/admin/count/
WARNING 2022-09-20 14:50:07,093 basehttp 187 "GET /usernames/admin/count/ HTTP/1.1" 404 2325
WARNING 2022-09-20 14:50:10,179 log 241 Not Found: /usernames/yuanchaoer/count/
WARNING 2022-09-20 14:50:10,182 basehttp 187 "GET /usernames/yuanchaoer/count/ HTTP/1.1" 404 2340
WARNING 2022-09-20 14:50:16,252 log 241 Not Found: /usernames/yuanchaoer/count/
WARNING 2022-09-20 14:50:16,254 basehttp 187 "GET /usernames/yuanchaoer/count/ HTTP/1.1" 404 2340
WARNING 2022-09-20 14:50:18,596 log 241 Not Found: /usernames/yuanchaoer/count/
WARNING 2022-09-20 14:50:18,598 basehttp 187 "GET /usernames/yuanchaoer/count/ HTTP/1.1" 404 2340
WARNING 2022-09-20 14:50:24,365 log 241 Not Found: /usernames/yuanchaoer/count/
WARNING 2022-09-20 14:50:24,367 basehttp 187 "GET /usernames/yuanchaoer/count/ HTTP/1.1" 404 2340
INFO 2022-09-20 14:50:39,286 autoreload 677 Watching for file changes with StatReloader
WARNING 2022-09-20 14:52:50,951 log 241 Not Found: /
WARNING 2022-09-20 14:52:50,954 basehttp 187 "GET / HTTP/1.1" 404 2241
INFO 2022-09-20 14:52:55,290 basehttp 187 "GET /register/ HTTP/1.1" 200 3652
WARNING 2022-09-20 14:52:56,448 log 241 Not Found: /usernames/admin/count/
WARNING 2022-09-20 14:52:56,451 basehttp 187 "GET /usernames/admin/count/ HTTP/1.1" 404 2325
WARNING 2022-09-20 14:52:58,775 log 241 Not Found: /usernames/yuanchaoer/count/
WARNING 2022-09-20 14:52:58,777 basehttp 187 "GET /usernames/yuanchaoer/count/ HTTP/1.1" 404 2340
WARNING 2022-09-20 14:53:07,420 log 241 Not Found: /usernames/yuanchaoer/count/
WARNING 2022-09-20 14:53:07,422 basehttp 187 "GET /usernames/yuanchaoer/count/ HTTP/1.1" 404 2340
WARNING 2022-09-20 14:53:09,592 log 241 Not Found: /usernames/yuanchaoer/count/
WARNING 2022-09-20 14:53:09,594 basehttp 187 "GET /usernames/yuanchaoer/count/ HTTP/1.1" 404 2340
WARNING 2022-09-20 14:53:37,801 log 241 Not Found: /
WARNING 2022-09-20 14:53:37,804 basehttp 187 "GET / HTTP/1.1" 404 2241
WARNING 2022-09-20 14:53:38,177 log 241 Not Found: /favicon.ico
WARNING 2022-09-20 14:53:38,180 basehttp 187 "GET /favicon.ico HTTP/1.1" 404 2292
INFO 2022-09-20 14:53:41,042 basehttp 187 "GET /register/ HTTP/1.1" 200 3652
WARNING 2022-09-20 14:53:44,842 log 241 Not Found: /usernames/admin/count/
WARNING 2022-09-20 14:53:44,843 basehttp 187 "GET /usernames/admin/count/ HTTP/1.1" 404 2325
WARNING 2022-09-20 14:53:49,226 log 241 Not Found: /usernames/yuanchaoer/count/
WARNING 2022-09-20 14:53:49,229 basehttp 187 "GET /usernames/yuanchaoer/count/ HTTP/1.1" 404 2340
WARNING 2022-09-20 14:53:59,406 log 241 Not Found: /usernames/yuanchaoer/count/
WARNING 2022-09-20 14:53:59,409 basehttp 187 "GET /usernames/yuanchaoer/count/ HTTP/1.1" 404 2340
INFO 2022-09-20 15:14:45,920 basehttp 187 "POST /register/ HTTP/1.1" 200 33
INFO 2022-09-20 15:37:52,756 autoreload 677 Watching for file changes with StatReloader
INFO 2022-09-20 15:38:28,557 autoreload 677 Watching for file changes with StatReloader
INFO 2022-09-20 15:40:10,899 autoreload 677 Watching for file changes with StatReloader
INFO 2022-09-20 15:41:07,413 autoreload 677 Watching for file changes with StatReloader
INFO 2022-09-20 15:41:10,446 basehttp 187 "GET / HTTP/1.1" 200 39137
INFO 2022-09-20 15:41:10,695 basehttp 187 "GET /static/js/jquery-1.12.4.min.js HTTP/1.1" 200 97163
INFO 2022-09-20 15:41:10,731 basehttp 187 "GET /static/js/common.js HTTP/1.1" 200 891
INFO 2022-09-20 15:41:10,874 basehttp 187 "GET /static/js/slide.js HTTP/1.1" 200 1822
INFO 2022-09-20 15:41:10,876 basehttp 187 "GET /static/js/index.js HTTP/1.1" 200 1143
INFO 2022-09-20 15:41:10,905 basehttp 187 "GET /static/images/slide01.jpg HTTP/1.1" 200 67813
INFO 2022-09-20 15:41:10,908 basehttp 187 "GET /static/images/goods/goods001.jpg HTTP/1.1" 200 5391
INFO 2022-09-20 15:41:10,943 basehttp 187 "GET /static/images/slide02.jpg HTTP/1.1" 200 89905
INFO 2022-09-20 15:41:10,963 basehttp 187 "GET /static/images/goods/goods002.jpg HTTP/1.1" 200 5377
INFO 2022-09-20 15:41:10,975 basehttp 187 "GET /static/images/slide03.jpg HTTP/1.1" 200 70152
INFO 2022-09-20 15:41:10,983 basehttp 187 "GET /static/images/slide04.jpg HTTP/1.1" 200 107973
INFO 2022-09-20 15:41:11,000 basehttp 187 "GET /static/images/banner01.jpg HTTP/1.1" 200 23658
INFO 2022-09-20 15:41:11,042 basehttp 187 "GET /static/images/goods/goods003.jpg HTTP/1.1" 200 8579
INFO 2022-09-20 15:41:11,059 basehttp 187 "GET /static/images/goods/goods004.jpg HTTP/1.1" 200 6565
INFO 2022-09-20 15:41:11,073 basehttp 187 "GET /static/images/goods/goods005.jpg HTTP/1.1" 200 7578
INFO 2022-09-20 15:41:11,079 basehttp 187 "GET /static/images/icons.png HTTP/1.1" 200 7740
INFO 2022-09-20 15:41:11,092 basehttp 187 "GET /static/images/banner02.jpg HTTP/1.1" 200 26729
INFO 2022-09-20 15:41:11,294 basehttp 187 "GET /static/images/goods/goods008.jpg HTTP/1.1" 200 7072
INFO 2022-09-20 15:41:11,312 basehttp 187 "GET /static/images/banner03.jpg HTTP/1.1" 200 22681
INFO 2022-09-20 15:41:11,324 basehttp 187 "GET /static/images/goods/goods009.jpg HTTP/1.1" 200 8738
WARNING 2022-09-20 15:41:20,648 log 241 Not Found: /login.html
WARNING 2022-09-20 15:41:20,649 basehttp 187 "GET /login.html HTTP/1.1" 404 2453
WARNING 2022-09-20 15:41:25,895 log 241 Not Found: /register.html
WARNING 2022-09-20 15:41:25,896 basehttp 187 "GET /register.html HTTP/1.1" 404 2462
WARNING 2022-09-20 15:41:33,420 basehttp 187 "GET /static/js/axios.min.map HTTP/1.1" 404 1807
INFO 2022-09-20 15:42:05,879 basehttp 187 "GET / HTTP/1.1" 200 39137
WARNING 2022-09-20 15:42:08,952 log 241 Not Found: /cart.html
WARNING 2022-09-20 15:42:08,953 basehttp 187 "GET /cart.html HTTP/1.1" 404 2450
INFO 2022-09-20 15:46:01,066 autoreload 266 D:\Sun\meiduo_project\meiduo_mall\meiduo_mall\apps\users\views.py changed, reloading.
INFO 2022-09-20 15:46:03,719 autoreload 677 Watching for file changes with StatReloader
INFO 2022-09-20 15:46:06,007 autoreload 266 D:\Sun\meiduo_project\meiduo_mall\meiduo_mall\apps\users\views.py changed, reloading.
INFO 2022-09-20 15:46:08,714 autoreload 677 Watching for file changes with StatReloader
INFO 2022-09-20 15:46:28,563 autoreload 266 D:\Sun\meiduo_project\meiduo_mall\meiduo_mall\apps\users\views.py changed, reloading.
INFO 2022-09-20 15:46:30,786 autoreload 677 Watching for file changes with StatReloader
INFO 2022-09-20 15:46:32,941 autoreload 266 D:\Sun\meiduo_project\meiduo_mall\meiduo_mall\apps\users\views.py changed, reloading.
INFO 2022-09-20 15:46:35,771 autoreload 677 Watching for file changes with StatReloader
INFO 2022-09-20 15:46:41,550 autoreload 266 D:\Sun\meiduo_project\meiduo_mall\meiduo_mall\apps\users\views.py changed, reloading.
INFO 2022-09-20 15:46:44,350 autoreload 677 Watching for file changes with StatReloader
INFO 2022-09-20 15:46:52,979 autoreload 266 D:\Sun\meiduo_project\meiduo_mall\meiduo_mall\apps\users\views.py changed, reloading.
INFO 2022-09-20 15:46:54,973 autoreload 677 Watching for file changes with StatReloader
INFO 2022-09-20 15:47:06,648 autoreload 266 D:\Sun\meiduo_project\meiduo_mall\meiduo_mall\apps\users\views.py changed, reloading.
INFO 2022-09-20 15:47:08,963 autoreload 677 Watching for file changes with StatReloader
INFO 2022-09-20 15:47:29,416 autoreload 266 D:\Sun\meiduo_project\meiduo_mall\meiduo_mall\apps\users\views.py changed, reloading.
INFO 2022-09-20 15:47:31,505 autoreload 677 Watching for file changes with StatReloader
INFO 2022-09-20 15:47:33,879 autoreload 266 D:\Sun\meiduo_project\meiduo_mall\meiduo_mall\apps\users\views.py changed, reloading.
INFO 2022-09-20 15:47:35,859 autoreload 677 Watching for file changes with StatReloader
INFO 2022-09-20 15:47:59,394 autoreload 266 D:\Sun\meiduo_project\meiduo_mall\meiduo_mall\apps\users\views.py changed, reloading.
INFO 2022-09-20 15:48:01,929 autoreload 677 Watching for file changes with StatReloader
INFO 2022-09-20 15:48:04,090 autoreload 266 D:\Sun\meiduo_project\meiduo_mall\meiduo_mall\apps\users\views.py changed, reloading.
INFO 2022-09-20 15:48:06,131 autoreload 677 Watching for file changes with StatReloader
INFO 2022-09-20 15:48:20,875 autoreload 677 Watching for file changes with StatReloader
INFO 2022-09-20 15:59:12,599 autoreload 677 Watching for file changes with StatReloader
INFO 2022-09-20 15:59:18,104 basehttp 187 "GET / HTTP/1.1" 200 39137
WARNING 2022-09-20 15:59:22,618 log 241 Not Found: /register.html
WARNING 2022-09-20 15:59:22,619 basehttp 187 "GET /register.html HTTP/1.1" 404 2462
INFO 2022-09-20 15:59:26,552 basehttp 187 "GET /register/ HTTP/1.1" 200 3660
INFO 2022-09-20 15:59:26,605 basehttp 187 "GET /static/js/register.js HTTP/1.1" 304 0
WARNING 2022-09-20 15:59:28,862 log 241 Not Found: /usernames/admin/count/
WARNING 2022-09-20 15:59:28,863 basehttp 187 "GET /usernames/admin/count/ HTTP/1.1" 404 2489
WARNING 2022-09-20 15:59:33,764 log 241 Not Found: /usernames/yuanchaoer01/count/
WARNING 2022-09-20 15:59:33,766 basehttp 187 "GET /usernames/yuanchaoer01/count/ HTTP/1.1" 404 2510
WARNING 2022-09-20 15:59:52,917 log 241 Not Found: /usernames/yuanchaoer01/count/
WARNING 2022-09-20 15:59:52,919 basehttp 187 "GET /usernames/yuanchaoer01/count/ HTTP/1.1" 404 2510
ERROR 2022-09-20 15:59:53,644 log 241 Internal Server Error: /register/
Traceback (most recent call last):
  File "C:\Python388\lib\site-packages\django\urls\base.py", line 71, in reverse
    extra, resolver = resolver.namespace_dict[ns]
KeyError: 'contents'

During handling of the above exception, another exception occurred:

Traceback (most recent call last):
  File "C:\Python388\lib\site-packages\django\core\handlers\exception.py", line 55, in inner
    response = get_response(request)
  File "C:\Python388\lib\site-packages\django\core\handlers\base.py", line 197, in _get_response
    response = wrapped_callback(request, *callback_args, **callback_kwargs)
  File "C:\Python388\lib\site-packages\django\views\generic\base.py", line 103, in view
    return self.dispatch(request, *args, **kwargs)
  File "C:\Python388\lib\site-packages\django\views\generic\base.py", line 142, in dispatch
    return handler(request, *args, **kwargs)
  File "D:\Sun\meiduo_project\meiduo_mall\meiduo_mall\apps\users\views.py", line 55, in post
    return redirect(reverse('contents:index'))
  File "C:\Python388\lib\site-packages\django\urls\base.py", line 82, in reverse
    raise NoReverseMatch("%s is not a registered namespace" % key)
django.urls.exceptions.NoReverseMatch: 'contents' is not a registered namespace
ERROR 2022-09-20 15:59:53,648 basehttp 187 "POST /register/ HTTP/1.1" 500 90131
INFO 2022-09-20 16:01:04,053 basehttp 187 "GET /register/ HTTP/1.1" 200 3660
WARNING 2022-09-20 16:01:06,688 log 241 Not Found: /usernames/admin/count/
WARNING 2022-09-20 16:01:06,689 basehttp 187 "GET /usernames/admin/count/ HTTP/1.1" 404 2489
WARNING 2022-09-20 16:01:09,783 log 241 Not Found: /usernames/yuanchaoer01/count/
WARNING 2022-09-20 16:01:09,783 basehttp 187 "GET /usernames/yuanchaoer01/count/ HTTP/1.1" 404 2510
WARNING 2022-09-20 16:01:20,090 log 241 Not Found: /usernames/yuanchaoer01/count/
WARNING 2022-09-20 16:01:20,091 basehttp 187 "GET /usernames/yuanchaoer01/count/ HTTP/1.1" 404 2510
ERROR 2022-09-20 16:01:20,688 log 241 Internal Server Error: /register/
Traceback (most recent call last):
  File "C:\Python388\lib\site-packages\django\urls\base.py", line 71, in reverse
    extra, resolver = resolver.namespace_dict[ns]
KeyError: 'contents'

During handling of the above exception, another exception occurred:

Traceback (most recent call last):
  File "C:\Python388\lib\site-packages\django\core\handlers\exception.py", line 55, in inner
    response = get_response(request)
  File "C:\Python388\lib\site-packages\django\core\handlers\base.py", line 197, in _get_response
    response = wrapped_callback(request, *callback_args, **callback_kwargs)
  File "C:\Python388\lib\site-packages\django\views\generic\base.py", line 103, in view
    return self.dispatch(request, *args, **kwargs)
  File "C:\Python388\lib\site-packages\django\views\generic\base.py", line 142, in dispatch
    return handler(request, *args, **kwargs)
  File "D:\Sun\meiduo_project\meiduo_mall\meiduo_mall\apps\users\views.py", line 55, in post
    return redirect(reverse('contents:index'))
  File "C:\Python388\lib\site-packages\django\urls\base.py", line 82, in reverse
    raise NoReverseMatch("%s is not a registered namespace" % key)
django.urls.exceptions.NoReverseMatch: 'contents' is not a registered namespace
ERROR 2022-09-20 16:01:20,691 basehttp 187 "POST /register/ HTTP/1.1" 500 90131
INFO 2022-09-20 16:03:03,966 autoreload 677 Watching for file changes with StatReloader
INFO 2022-09-20 16:25:01,798 autoreload 677 Watching for file changes with StatReloader
INFO 2022-09-20 16:30:51,382 autoreload 677 Watching for file changes with StatReloader
INFO 2022-09-20 16:30:54,047 basehttp 187 "GET / HTTP/1.1" 200 39137
INFO 2022-09-20 16:31:01,218 basehttp 187 "GET /register/ HTTP/1.1" 200 3660
WARNING 2022-09-20 16:31:02,714 log 241 Not Found: /usernames/admin/count/
WARNING 2022-09-20 16:31:02,715 basehttp 187 "GET /usernames/admin/count/ HTTP/1.1" 404 2489
WARNING 2022-09-20 16:31:06,306 log 241 Not Found: /usernames/yuanchaoer/count/
WARNING 2022-09-20 16:31:06,308 basehttp 187 "GET /usernames/yuanchaoer/count/ HTTP/1.1" 404 2504
WARNING 2022-09-20 16:31:17,282 log 241 Not Found: /usernames/yuanchaoer/count/
WARNING 2022-09-20 16:31:17,283 basehttp 187 "GET /usernames/yuanchaoer/count/ HTTP/1.1" 404 2504
INFO 2022-09-20 16:31:17,854 basehttp 187 "POST /register/ HTTP/1.1" 200 3719
WARNING 2022-09-20 16:31:20,984 log 241 Not Found: /usernames/admin/count/
WARNING 2022-09-20 16:31:20,985 basehttp 187 "GET /usernames/admin/count/ HTTP/1.1" 404 2489
INFO 2022-09-20 16:57:24,326 autoreload 677 Watching for file changes with StatReloader
INFO 2022-09-20 16:57:29,686 basehttp 187 "GET / HTTP/1.1" 200 39137
INFO 2022-09-20 16:57:33,094 basehttp 187 "GET /register/ HTTP/1.1" 200 3660
INFO 2022-09-20 16:57:33,299 basehttp 187 "GET /static/js/register.js HTTP/1.1" 304 0
WARNING 2022-09-20 16:57:35,056 log 241 Not Found: /usernames/admin/count/
WARNING 2022-09-20 16:57:35,057 basehttp 187 "GET /usernames/admin/count/ HTTP/1.1" 404 2489
WARNING 2022-09-20 16:57:39,136 log 241 Not Found: /usernames/yuanchaoerws/count/
WARNING 2022-09-20 16:57:39,137 basehttp 187 "GET /usernames/yuanchaoerws/count/ HTTP/1.1" 404 2510
WARNING 2022-09-20 16:57:49,123 log 241 Not Found: /usernames/yuanchaoerws/count/
WARNING 2022-09-20 16:57:49,124 basehttp 187 "GET /usernames/yuanchaoerws/count/ HTTP/1.1" 404 2510
INFO 2022-09-20 16:57:49,668 basehttp 187 "POST /register/ HTTP/1.1" 302 0
INFO 2022-09-20 16:57:49,678 basehttp 187 "GET / HTTP/1.1" 200 39137
INFO 2022-09-20 20:53:32,747 autoreload 677 Watching for file changes with StatReloader
INFO 2022-09-20 20:55:21,723 basehttp 187 "GET / HTTP/1.1" 200 39137
INFO 2022-09-20 20:55:22,144 basehttp 187 "GET /static/js/jquery-1.12.4.min.js HTTP/1.1" 200 97168
INFO 2022-09-20 20:55:22,147 basehttp 187 "GET /static/js/vue-2.5.16.js HTTP/1.1" 200 300254
INFO 2022-09-20 20:55:22,220 basehttp 187 "GET /static/css/main.css HTTP/1.1" 200 41733
INFO 2022-09-20 20:55:22,231 basehttp 187 "GET /static/css/reset.css HTTP/1.1" 200 664
INFO 2022-09-20 20:55:22,246 basehttp 187 "GET /static/js/axios-0.18.0.min.js HTTP/1.1" 200 12949
INFO 2022-09-20 20:55:23,071 basehttp 187 "GET /static/js/index.js HTTP/1.1" 200 1178
INFO 2022-09-20 20:55:23,072 basehttp 187 "GET /static/js/common.js HTTP/1.1" 200 919
INFO 2022-09-20 20:55:23,073 basehttp 187 "GET /static/js/slide.js HTTP/1.1" 200 1914
INFO 2022-09-20 20:55:23,073 basehttp 187 "GET /static/images/goods/goods002.jpg HTTP/1.1" 200 5377
INFO 2022-09-20 20:55:23,075 basehttp 187 "GET /static/images/goods/goods001.jpg HTTP/1.1" 200 5391
INFO 2022-09-20 20:55:23,081 basehttp 187 "GET /static/images/adv01.jpg HTTP/1.1" 200 39831
INFO 2022-09-20 20:55:23,082 basehttp 187 "GET /static/images/icons.png HTTP/1.1" 200 7740
INFO 2022-09-20 20:55:23,085 basehttp 187 "GET /static/images/logo.png HTTP/1.1" 200 7450
INFO 2022-09-20 20:55:23,304 basehttp 187 "GET /static/images/goods/goods003.jpg HTTP/1.1" 200 8579
INFO 2022-09-20 20:55:23,305 basehttp 187 "GET /static/images/banner01.jpg HTTP/1.1" 200 23658
INFO 2022-09-20 20:55:23,307 basehttp 187 "GET /static/images/slide03.jpg HTTP/1.1" 200 70152
INFO 2022-09-20 20:55:23,308 basehttp 187 "GET /static/images/slide01.jpg HTTP/1.1" 200 67813
INFO 2022-09-20 20:55:23,309 basehttp 187 "GET /static/images/slide02.jpg HTTP/1.1" 200 89905
INFO 2022-09-20 20:55:23,311 basehttp 187 "GET /static/images/slide04.jpg HTTP/1.1" 200 107973
INFO 2022-09-20 20:55:23,358 basehttp 187 "GET /static/images/goods/goods004.jpg HTTP/1.1" 200 6565
INFO 2022-09-20 20:55:23,377 basehttp 187 "GET /static/images/goods/goods005.jpg HTTP/1.1" 200 7578
INFO 2022-09-20 20:55:23,406 basehttp 187 "GET /static/images/banner02.jpg HTTP/1.1" 200 26729
INFO 2022-09-20 20:55:23,449 basehttp 187 "GET /static/images/banner03.jpg HTTP/1.1" 200 22681
INFO 2022-09-20 20:55:23,450 basehttp 187 "GET /static/images/goods/goods008.jpg HTTP/1.1" 200 7072
INFO 2022-09-20 20:55:23,601 basehttp 187 "GET /static/images/goods/goods009.jpg HTTP/1.1" 200 8738
WARNING 2022-09-20 20:55:23,850 log 241 Not Found: /favicon.ico
WARNING 2022-09-20 20:55:23,851 basehttp 187 "GET /favicon.ico HTTP/1.1" 404 2456
INFO 2022-09-20 21:44:25,106 autoreload 266 D:\Sun\Sun_SONY\meiduo_project\meiduo_mall\meiduo_mall\apps\users\views.py changed, reloading.
INFO 2022-09-20 21:44:27,879 autoreload 677 Watching for file changes with StatReloader
INFO 2022-09-20 21:44:37,348 autoreload 266 D:\Sun\Sun_SONY\meiduo_project\meiduo_mall\meiduo_mall\apps\users\views.py changed, reloading.
INFO 2022-09-20 21:44:39,667 autoreload 677 Watching for file changes with StatReloader
INFO 2022-09-20 21:45:21,734 autoreload 677 Watching for file changes with StatReloader
INFO 2022-09-20 21:45:24,993 basehttp 187 "GET / HTTP/1.1" 200 39137
INFO 2022-09-20 21:45:25,326 basehttp 187 "GET /static/css/reset.css HTTP/1.1" 304 0
INFO 2022-09-20 21:45:25,327 basehttp 187 "GET /static/css/main.css HTTP/1.1" 304 0
INFO 2022-09-20 21:45:25,356 basehttp 187 "GET /static/js/jquery-1.12.4.min.js HTTP/1.1" 304 0
INFO 2022-09-20 21:45:25,364 basehttp 187 "GET /static/js/vue-2.5.16.js HTTP/1.1" 304 0
INFO 2022-09-20 21:45:25,375 basehttp 187 "GET /static/js/axios-0.18.0.min.js HTTP/1.1" 304 0
INFO 2022-09-20 21:45:25,419 basehttp 187 "GET /static/js/common.js HTTP/1.1" 304 0
INFO 2022-09-20 21:45:25,453 basehttp 187 "GET /static/js/slide.js HTTP/1.1" 304 0
INFO 2022-09-20 21:45:25,511 basehttp 187 "GET /static/images/logo.png HTTP/1.1" 304 0
INFO 2022-09-20 21:45:25,511 basehttp 187 "GET /static/js/index.js HTTP/1.1" 304 0
INFO 2022-09-20 21:45:25,512 basehttp 187 "GET /static/images/slide01.jpg HTTP/1.1" 304 0
INFO 2022-09-20 21:45:25,512 basehttp 187 "GET /static/images/goods/goods001.jpg HTTP/1.1" 304 0
INFO 2022-09-20 21:45:25,512 basehttp 187 "GET /static/images/goods/goods002.jpg HTTP/1.1" 304 0
INFO 2022-09-20 21:45:25,538 basehttp 187 "GET /static/images/slide02.jpg HTTP/1.1" 304 0
INFO 2022-09-20 21:45:25,548 basehttp 187 "GET /static/images/slide03.jpg HTTP/1.1" 304 0
INFO 2022-09-20 21:45:25,550 basehttp 187 "GET /static/images/slide04.jpg HTTP/1.1" 304 0
INFO 2022-09-20 21:45:25,556 basehttp 187 "GET /static/images/adv01.jpg HTTP/1.1" 304 0
INFO 2022-09-20 21:45:25,561 basehttp 187 "GET /static/images/banner01.jpg HTTP/1.1" 304 0
INFO 2022-09-20 21:45:25,569 basehttp 187 "GET /static/images/goods/goods003.jpg HTTP/1.1" 304 0
INFO 2022-09-20 21:45:25,593 basehttp 187 "GET /static/images/goods/goods004.jpg HTTP/1.1" 304 0
INFO 2022-09-20 21:45:25,605 basehttp 187 "GET /static/images/goods/goods005.jpg HTTP/1.1" 304 0
INFO 2022-09-20 21:45:25,613 basehttp 187 "GET /static/images/banner02.jpg HTTP/1.1" 304 0
INFO 2022-09-20 21:45:25,615 basehttp 187 "GET /static/images/goods/goods009.jpg HTTP/1.1" 304 0
INFO 2022-09-20 21:45:25,615 basehttp 187 "GET /static/images/banner03.jpg HTTP/1.1" 304 0
INFO 2022-09-20 21:45:25,616 basehttp 187 "GET /static/images/goods/goods008.jpg HTTP/1.1" 304 0
INFO 2022-09-20 21:45:25,622 basehttp 187 "GET /static/images/icons.png HTTP/1.1" 304 0
INFO 2022-09-20 21:45:30,274 basehttp 187 "GET /register/ HTTP/1.1" 200 3660
INFO 2022-09-20 21:45:30,332 basehttp 187 "GET /static/js/register.js HTTP/1.1" 200 4418
INFO 2022-09-20 21:45:30,333 basehttp 187 "GET /static/images/pic_code.jpg HTTP/1.1" 200 4507
INFO 2022-09-20 21:45:30,347 basehttp 187 "GET /static/images/interval_line.png HTTP/1.1" 200 1123
INFO 2022-09-20 21:45:30,347 basehttp 187 "GET /static/images/icons02.png HTTP/1.1" 200 3935
INFO 2022-09-20 21:45:30,350 basehttp 187 "GET /static/images/register_banner.png HTTP/1.1" 200 54894
INFO 2022-09-20 21:48:32,900 basehttp 187 "GET /register/ HTTP/1.1" 200 3660
INFO 2022-09-20 21:48:34,530 basehttp 187 "GET / HTTP/1.1" 200 39137
WARNING 2022-09-20 21:48:38,267 log 241 Not Found: /register.html
WARNING 2022-09-20 21:48:38,268 basehttp 187 "GET /register.html HTTP/1.1" 404 2462
INFO 2022-09-20 22:21:22,704 autoreload 266 D:\Sun\Sun_SONY\meiduo_project\meiduo_mall\meiduo_mall\apps\users\views.py changed, reloading.
INFO 2022-09-20 22:21:25,033 autoreload 677 Watching for file changes with StatReloader
